mode: set
gosocial/internal/chat/handler/chat_handler.go:27.67,32.2 1 1
gosocial/internal/chat/handler/chat_handler.go:35.118,44.16 3 1
gosocial/internal/chat/handler/chat_handler.go:44.16,46.3 1 1
gosocial/internal/chat/handler/chat_handler.go:48.2,60.8 3 1
gosocial/internal/chat/handler/chat_handler.go:63.126,65.16 2 1
gosocial/internal/chat/handler/chat_handler.go:65.16,67.3 1 1
gosocial/internal/chat/handler/chat_handler.go:69.2,76.15 4 1
gosocial/internal/chat/handler/chat_handler.go:76.15,78.3 1 0
gosocial/internal/chat/handler/chat_handler.go:79.2,79.16 1 1
gosocial/internal/chat/handler/chat_handler.go:79.16,81.3 1 0
gosocial/internal/chat/handler/chat_handler.go:84.2,84.34 1 1
gosocial/internal/chat/handler/chat_handler.go:84.34,86.3 1 1
gosocial/internal/chat/handler/chat_handler.go:88.2,89.31 2 1
gosocial/internal/chat/handler/chat_handler.go:89.31,91.3 1 1
gosocial/internal/chat/handler/chat_handler.go:94.2,94.48 1 1
gosocial/internal/chat/handler/chat_handler.go:94.48,102.3 2 1
gosocial/internal/chat/handler/chat_handler.go:104.2,106.8 1 1
gosocial/internal/chat/handler/chat_handler.go:110.88,113.11 2 0
gosocial/internal/chat/handler/chat_handler.go:113.11,114.7 1 0
gosocial/internal/chat/handler/chat_handler.go:114.7,116.21 2 0
gosocial/internal/chat/handler/chat_handler.go:116.21,117.10 1 0
gosocial/internal/chat/handler/chat_handler.go:119.4,119.18 1 0
gosocial/internal/chat/handler/chat_handler.go:119.18,121.10 2 0
gosocial/internal/chat/handler/chat_handler.go:123.4,123.28 1 0
gosocial/internal/chat/handler/chat_handler.go:123.28,128.5 4 0
gosocial/internal/chat/handler/chat_handler.go:130.4,138.18 3 0
gosocial/internal/chat/handler/chat_handler.go:138.18,140.13 2 0
gosocial/internal/chat/handler/chat_handler.go:143.4,149.61 2 0
gosocial/internal/chat/handler/chat_handler.go:153.2,153.9 1 0
gosocial/internal/chat/handler/chat_handler.go:154.33,156.32 2 0
gosocial/internal/chat/handler/chat_handler.go:160.85,165.9 4 1
gosocial/internal/chat/handler/chat_handler.go:165.9,167.3 1 1
gosocial/internal/chat/handler/chat_handler.go:169.2,169.33 1 0
gosocial/internal/chat/handler/chat_handler.go:169.33,170.42 1 0
gosocial/internal/chat/handler/chat_handler.go:170.42,173.4 1 0
gosocial/internal/chat/handler/chat_handler.go:177.103,182.9 4 1
gosocial/internal/chat/handler/chat_handler.go:182.9,184.3 1 1
gosocial/internal/chat/handler/chat_handler.go:185.2,185.29 1 0
gosocial/internal/chat/handler/chat_handler.go:185.29,186.19 1 0
gosocial/internal/chat/handler/chat_handler.go:186.19,188.9 2 0
